<?xml version="1.0" encoding="UTF-8"?>
<!-- Generated by org.testng.reporters.JUnitReportReporter -->
<testsuite name="org.pbi.NewTestNg" tests="11" time="48.835" ignored="0" failures="0" timestamp="09 Dec 2021 11:57:52 GMT" skipped="0" hostname="DESKTOP-401NSAT" errors="0">
  <testcase name="tc9" time="3.823" classname="org.pbi.NewTestNg"/>
  <testcase name="tc4" time="6.244" classname="org.pbi.NewTestNg"/>
  <testcase name="tc11" time="3.771" classname="org.pbi.NewTestNg"/>
  <testcase name="tc3" time="6.852" classname="org.pbi.NewTestNg"/>
  <testcase name="tc6" time="3.888" classname="org.pbi.NewTestNg"/>
  <testcase name="tc8" time="3.996" classname="org.pbi.NewTestNg"/>
  <testcase name="tc10" time="4.196" classname="org.pbi.NewTestNg"/>
  <testcase name="tc2" time="4.172" classname="org.pbi.NewTestNg"/>
  <testcase name="tc5" time="3.971" classname="org.pbi.NewTestNg"/>
  <testcase name="tc7" time="3.875" classname="org.pbi.NewTestNg"/>
  <testcase name="tc1" time="4.047" classname="org.pbi.NewTestNg"/>
</testsuite> <!-- org.pbi.NewTestNg -->
